{
  "RSpec": {
    "coverage": {
      "/Users/cadenjarrett/independent_challenges/tech_challenges/tell_the_tea/spec/features/create_user_sub_spec.rb": {
        "lines": [
          1,
          null,
          1,
          1,
          1,
          null,
          1,
          1,
          null,
          null,
          null,
          1,
          null,
          null,
          null,
          1,
          null,
          null,
          null,
          1,
          null,
          1,
          null,
          1,
          null,
          1,
          1,
          1,
          null,
          null
        ]
      },
      "/Users/cadenjarrett/independent_challenges/tech_challenges/tell_the_tea/config/environment.rb": {
        "lines": [
          null,
          1,
          null,
          null,
          1
        ]
      },
      "/Users/cadenjarrett/independent_challenges/tech_challenges/tell_the_tea/config/application.rb": {
        "lines": [
          1,
          null,
          1,
          null,
          1,
          1,
          1,
          1,
          1,
          1,
          1,
          1,
          null,
          1,
          null,
          null,
          null,
          1,
          null,
          1,
          1,
          null,
          1,
          null,
          null,
          null,
          null,
          null,
          null,
          null,
          null,
          null,
          1,
          null,
          null
        ]
      },
      "/Users/cadenjarrett/independent_challenges/tech_challenges/tell_the_tea/config/boot.rb": {
        "lines": [
          1,
          null,
          1,
          1
        ]
      },
      "/Users/cadenjarrett/independent_challenges/tech_challenges/tell_the_tea/config/environments/test.rb": {
        "lines": [
          1,
          null,
          null,
          null,
          null,
          null,
          null,
          1,
          null,
          null,
          null,
          null,
          1,
          null,
          null,
          1,
          1,
          null,
          null,
          null,
          null,
          1,
          1,
          null,
          null,
          1,
          null,
          null,
          1,
          null,
          null,
          1,
          null,
          1,
          null,
          null,
          null,
          null,
          1,
          null,
          null,
          1,
          null,
          null,
          null,
          null
        ]
      },
      "/Users/cadenjarrett/independent_challenges/tech_challenges/tell_the_tea/config/initializers/application_controller_renderer.rb": {
        "lines": [
          null,
          null,
          null,
          null,
          null,
          null,
          null,
          null
        ]
      },
      "/Users/cadenjarrett/independent_challenges/tech_challenges/tell_the_tea/config/initializers/backtrace_silencers.rb": {
        "lines": [
          null,
          null,
          null,
          null,
          null,
          null,
          null
        ]
      },
      "/Users/cadenjarrett/independent_challenges/tech_challenges/tell_the_tea/config/initializers/cors.rb": {
        "lines": [
          null,
          null,
          null,
          null,
          null,
          null,
          null,
          null,
          null,
          null,
          null,
          null,
          null,
          null,
          null,
          null
        ]
      },
      "/Users/cadenjarrett/independent_challenges/tech_challenges/tell_the_tea/config/initializers/filter_parameter_logging.rb": {
        "lines": [
          null,
          null,
          null,
          1
        ]
      },
      "/Users/cadenjarrett/independent_challenges/tech_challenges/tell_the_tea/config/initializers/inflections.rb": {
        "lines": [
          null,
          null,
          null,
          null,
          null,
          null,
          null,
          null,
          null,
          null,
          null,
          null,
          null,
          null,
          null,
          null
        ]
      },
      "/Users/cadenjarrett/independent_challenges/tech_challenges/tell_the_tea/config/initializers/mime_types.rb": {
        "lines": [
          null,
          null,
          null,
          null
        ]
      },
      "/Users/cadenjarrett/independent_challenges/tech_challenges/tell_the_tea/config/initializers/wrap_parameters.rb": {
        "lines": [
          null,
          null,
          null,
          null,
          null,
          null,
          1,
          2,
          null,
          null,
          null,
          null,
          null,
          null
        ]
      },
      "/Users/cadenjarrett/independent_challenges/tech_challenges/tell_the_tea/config/routes.rb": {
        "lines": [
          1,
          null,
          null,
          1,
          null,
          null
        ]
      },
      "/Users/cadenjarrett/independent_challenges/tech_challenges/tell_the_tea/app/models/customer.rb": {
        "lines": [
          1,
          1,
          1,
          1,
          1,
          1,
          null
        ]
      },
      "/Users/cadenjarrett/independent_challenges/tech_challenges/tell_the_tea/app/models/application_record.rb": {
        "lines": [
          1,
          1,
          null
        ]
      },
      "/Users/cadenjarrett/independent_challenges/tech_challenges/tell_the_tea/app/models/tea.rb": {
        "lines": [
          1,
          1,
          null
        ]
      },
      "/Users/cadenjarrett/independent_challenges/tech_challenges/tell_the_tea/app/models/subscription.rb": {
        "lines": [
          1,
          null
        ]
      },
      "/Users/cadenjarrett/independent_challenges/tech_challenges/tell_the_tea/app/controllers/customers_subscriptions_controller.rb": {
        "lines": [
          1,
          null,
          1,
          1,
          1,
          1,
          null,
          0,
          null,
          null,
          null
        ]
      },
      "/Users/cadenjarrett/independent_challenges/tech_challenges/tell_the_tea/app/controllers/application_controller.rb": {
        "lines": [
          1,
          null
        ]
      },
      "/Users/cadenjarrett/independent_challenges/tech_challenges/tell_the_tea/app/models/customers_subscriptions.rb": {
        "lines": [
          1,
          1,
          1,
          null
        ]
      },
      "/Users/cadenjarrett/independent_challenges/tech_challenges/tell_the_tea/app/serializers/customer_subscription_serializer.rb": {
        "lines": [
          1,
          1,
          null,
          1,
          null,
          null,
          null,
          null,
          null,
          null
        ]
      }
    },
    "timestamp": 1663111455
  }
}
